CRITICAL - 2024-05-16 04:52:22 --> ErrorException: Undefined array key "id_barang"
[Method: GET, Route: barang]
in APPPATH\Views\barang_view.php on line 30.
 1 APPPATH\Views\barang_view.php(30): CodeIgniter\Debug\Exceptions->errorHandler(2, 'Undefined array key "id_barang"', 'C:\\xampp\\htdocs\\sianu-ci\\app\\Views\\barang_view.php', 30)
 2 SYSTEMPATH\View\View.php(234): include('C:\\xampp\\htdocs\\sianu-ci\\app\\Views\\barang_view.php')
 3 SYSTEMPATH\View\View.php(237): CodeIgniter\View\View->CodeIgniter\View\{closure}()
 4 SYSTEMPATH\Common.php(1171): CodeIgniter\View\View->render('barang_view', [], true)
 5 APPPATH\Controllers\Barang.php(14): view('barang_view', [...])
 6 SYSTEMPATH\CodeIgniter.php(933): App\Controllers\Barang->index()
 7 SYSTEMPATH\CodeIgniter.php(509): CodeIgniter\CodeIgniter->runController(Object(App\Controllers\Barang))
 8 SYSTEMPATH\CodeIgniter.php(355): CodeIgniter\CodeIgniter->handleRequest(null, Object(Config\Cache), false)
 9 SYSTEMPATH\Boot.php(312): CodeIgniter\CodeIgniter->run()
10 SYSTEMPATH\Boot.php(67): CodeIgniter\Boot::runCodeIgniter(Object(CodeIgniter\CodeIgniter))
11 FCPATH\index.php(56): CodeIgniter\Boot::bootWeb(Object(Config\Paths))
12 SYSTEMPATH\Commands\Server\rewrite.php(49): require_once('C:\\xampp\\htdocs\\sianu-ci\\public\\index.php')
CRITICAL - 2024-05-16 04:53:33 --> ErrorException: Undefined array key "id_barang"
[Method: GET, Route: barang]
in APPPATH\Views\barang_view.php on line 30.
 1 APPPATH\Views\barang_view.php(30): CodeIgniter\Debug\Exceptions->errorHandler(2, 'Undefined array key "id_barang"', 'C:\\xampp\\htdocs\\sianu-ci\\app\\Views\\barang_view.php', 30)
 2 SYSTEMPATH\View\View.php(234): include('C:\\xampp\\htdocs\\sianu-ci\\app\\Views\\barang_view.php')
 3 SYSTEMPATH\View\View.php(237): CodeIgniter\View\View->CodeIgniter\View\{closure}()
 4 SYSTEMPATH\Common.php(1171): CodeIgniter\View\View->render('barang_view', [], true)
 5 APPPATH\Controllers\Barang.php(14): view('barang_view', [...])
 6 SYSTEMPATH\CodeIgniter.php(933): App\Controllers\Barang->index()
 7 SYSTEMPATH\CodeIgniter.php(509): CodeIgniter\CodeIgniter->runController(Object(App\Controllers\Barang))
 8 SYSTEMPATH\CodeIgniter.php(355): CodeIgniter\CodeIgniter->handleRequest(null, Object(Config\Cache), false)
 9 SYSTEMPATH\Boot.php(312): CodeIgniter\CodeIgniter->run()
10 SYSTEMPATH\Boot.php(67): CodeIgniter\Boot::runCodeIgniter(Object(CodeIgniter\CodeIgniter))
11 FCPATH\index.php(56): CodeIgniter\Boot::bootWeb(Object(Config\Paths))
12 SYSTEMPATH\Commands\Server\rewrite.php(49): require_once('C:\\xampp\\htdocs\\sianu-ci\\public\\index.php')
CRITICAL - 2024-05-16 04:53:35 --> ErrorException: Undefined array key "id_barang"
[Method: GET, Route: barang]
in APPPATH\Views\barang_view.php on line 30.
 1 APPPATH\Views\barang_view.php(30): CodeIgniter\Debug\Exceptions->errorHandler(2, 'Undefined array key "id_barang"', 'C:\\xampp\\htdocs\\sianu-ci\\app\\Views\\barang_view.php', 30)
 2 SYSTEMPATH\View\View.php(234): include('C:\\xampp\\htdocs\\sianu-ci\\app\\Views\\barang_view.php')
 3 SYSTEMPATH\View\View.php(237): CodeIgniter\View\View->CodeIgniter\View\{closure}()
 4 SYSTEMPATH\Common.php(1171): CodeIgniter\View\View->render('barang_view', [], true)
 5 APPPATH\Controllers\Barang.php(14): view('barang_view', [...])
 6 SYSTEMPATH\CodeIgniter.php(933): App\Controllers\Barang->index()
 7 SYSTEMPATH\CodeIgniter.php(509): CodeIgniter\CodeIgniter->runController(Object(App\Controllers\Barang))
 8 SYSTEMPATH\CodeIgniter.php(355): CodeIgniter\CodeIgniter->handleRequest(null, Object(Config\Cache), false)
 9 SYSTEMPATH\Boot.php(312): CodeIgniter\CodeIgniter->run()
10 SYSTEMPATH\Boot.php(67): CodeIgniter\Boot::runCodeIgniter(Object(CodeIgniter\CodeIgniter))
11 FCPATH\index.php(56): CodeIgniter\Boot::bootWeb(Object(Config\Paths))
12 SYSTEMPATH\Commands\Server\rewrite.php(49): require_once('C:\\xampp\\htdocs\\sianu-ci\\public\\index.php')
CRITICAL - 2024-05-16 04:53:36 --> ErrorException: Undefined array key "id_barang"
[Method: GET, Route: barang]
in APPPATH\Views\barang_view.php on line 30.
 1 APPPATH\Views\barang_view.php(30): CodeIgniter\Debug\Exceptions->errorHandler(2, 'Undefined array key "id_barang"', 'C:\\xampp\\htdocs\\sianu-ci\\app\\Views\\barang_view.php', 30)
 2 SYSTEMPATH\View\View.php(234): include('C:\\xampp\\htdocs\\sianu-ci\\app\\Views\\barang_view.php')
 3 SYSTEMPATH\View\View.php(237): CodeIgniter\View\View->CodeIgniter\View\{closure}()
 4 SYSTEMPATH\Common.php(1171): CodeIgniter\View\View->render('barang_view', [], true)
 5 APPPATH\Controllers\Barang.php(14): view('barang_view', [...])
 6 SYSTEMPATH\CodeIgniter.php(933): App\Controllers\Barang->index()
 7 SYSTEMPATH\CodeIgniter.php(509): CodeIgniter\CodeIgniter->runController(Object(App\Controllers\Barang))
 8 SYSTEMPATH\CodeIgniter.php(355): CodeIgniter\CodeIgniter->handleRequest(null, Object(Config\Cache), false)
 9 SYSTEMPATH\Boot.php(312): CodeIgniter\CodeIgniter->run()
10 SYSTEMPATH\Boot.php(67): CodeIgniter\Boot::runCodeIgniter(Object(CodeIgniter\CodeIgniter))
11 FCPATH\index.php(56): CodeIgniter\Boot::bootWeb(Object(Config\Paths))
12 SYSTEMPATH\Commands\Server\rewrite.php(49): require_once('C:\\xampp\\htdocs\\sianu-ci\\public\\index.php')
CRITICAL - 2024-05-16 04:55:32 --> ErrorException: Undefined array key "id_barang"
[Method: GET, Route: barang]
in APPPATH\Views\barang_view.php on line 30.
 1 APPPATH\Views\barang_view.php(30): CodeIgniter\Debug\Exceptions->errorHandler(2, 'Undefined array key "id_barang"', 'C:\\xampp\\htdocs\\sianu-ci\\app\\Views\\barang_view.php', 30)
 2 SYSTEMPATH\View\View.php(234): include('C:\\xampp\\htdocs\\sianu-ci\\app\\Views\\barang_view.php')
 3 SYSTEMPATH\View\View.php(237): CodeIgniter\View\View->CodeIgniter\View\{closure}()
 4 SYSTEMPATH\Common.php(1171): CodeIgniter\View\View->render('barang_view', [], true)
 5 APPPATH\Controllers\Barang.php(14): view('barang_view', [...])
 6 SYSTEMPATH\CodeIgniter.php(933): App\Controllers\Barang->index()
 7 SYSTEMPATH\CodeIgniter.php(509): CodeIgniter\CodeIgniter->runController(Object(App\Controllers\Barang))
 8 SYSTEMPATH\CodeIgniter.php(355): CodeIgniter\CodeIgniter->handleRequest(null, Object(Config\Cache), false)
 9 SYSTEMPATH\Boot.php(312): CodeIgniter\CodeIgniter->run()
10 SYSTEMPATH\Boot.php(67): CodeIgniter\Boot::runCodeIgniter(Object(CodeIgniter\CodeIgniter))
11 FCPATH\index.php(56): CodeIgniter\Boot::bootWeb(Object(Config\Paths))
12 SYSTEMPATH\Commands\Server\rewrite.php(49): require_once('C:\\xampp\\htdocs\\sianu-ci\\public\\index.php')
CRITICAL - 2024-05-16 04:55:33 --> ErrorException: Undefined array key "id_barang"
[Method: GET, Route: barang]
in APPPATH\Views\barang_view.php on line 30.
 1 APPPATH\Views\barang_view.php(30): CodeIgniter\Debug\Exceptions->errorHandler(2, 'Undefined array key "id_barang"', 'C:\\xampp\\htdocs\\sianu-ci\\app\\Views\\barang_view.php', 30)
 2 SYSTEMPATH\View\View.php(234): include('C:\\xampp\\htdocs\\sianu-ci\\app\\Views\\barang_view.php')
 3 SYSTEMPATH\View\View.php(237): CodeIgniter\View\View->CodeIgniter\View\{closure}()
 4 SYSTEMPATH\Common.php(1171): CodeIgniter\View\View->render('barang_view', [], true)
 5 APPPATH\Controllers\Barang.php(14): view('barang_view', [...])
 6 SYSTEMPATH\CodeIgniter.php(933): App\Controllers\Barang->index()
 7 SYSTEMPATH\CodeIgniter.php(509): CodeIgniter\CodeIgniter->runController(Object(App\Controllers\Barang))
 8 SYSTEMPATH\CodeIgniter.php(355): CodeIgniter\CodeIgniter->handleRequest(null, Object(Config\Cache), false)
 9 SYSTEMPATH\Boot.php(312): CodeIgniter\CodeIgniter->run()
10 SYSTEMPATH\Boot.php(67): CodeIgniter\Boot::runCodeIgniter(Object(CodeIgniter\CodeIgniter))
11 FCPATH\index.php(56): CodeIgniter\Boot::bootWeb(Object(Config\Paths))
12 SYSTEMPATH\Commands\Server\rewrite.php(49): require_once('C:\\xampp\\htdocs\\sianu-ci\\public\\index.php')
CRITICAL - 2024-05-16 04:55:34 --> ErrorException: Undefined array key "id_barang"
[Method: GET, Route: barang]
in APPPATH\Views\barang_view.php on line 30.
 1 APPPATH\Views\barang_view.php(30): CodeIgniter\Debug\Exceptions->errorHandler(2, 'Undefined array key "id_barang"', 'C:\\xampp\\htdocs\\sianu-ci\\app\\Views\\barang_view.php', 30)
 2 SYSTEMPATH\View\View.php(234): include('C:\\xampp\\htdocs\\sianu-ci\\app\\Views\\barang_view.php')
 3 SYSTEMPATH\View\View.php(237): CodeIgniter\View\View->CodeIgniter\View\{closure}()
 4 SYSTEMPATH\Common.php(1171): CodeIgniter\View\View->render('barang_view', [], true)
 5 APPPATH\Controllers\Barang.php(14): view('barang_view', [...])
 6 SYSTEMPATH\CodeIgniter.php(933): App\Controllers\Barang->index()
 7 SYSTEMPATH\CodeIgniter.php(509): CodeIgniter\CodeIgniter->runController(Object(App\Controllers\Barang))
 8 SYSTEMPATH\CodeIgniter.php(355): CodeIgniter\CodeIgniter->handleRequest(null, Object(Config\Cache), false)
 9 SYSTEMPATH\Boot.php(312): CodeIgniter\CodeIgniter->run()
10 SYSTEMPATH\Boot.php(67): CodeIgniter\Boot::runCodeIgniter(Object(CodeIgniter\CodeIgniter))
11 FCPATH\index.php(56): CodeIgniter\Boot::bootWeb(Object(Config\Paths))
12 SYSTEMPATH\Commands\Server\rewrite.php(49): require_once('C:\\xampp\\htdocs\\sianu-ci\\public\\index.php')
CRITICAL - 2024-05-16 04:56:11 --> ErrorException: Undefined array key "id_barang"
[Method: GET, Route: barang]
in APPPATH\Views\barang_view.php on line 30.
 1 APPPATH\Views\barang_view.php(30): CodeIgniter\Debug\Exceptions->errorHandler(2, 'Undefined array key "id_barang"', 'C:\\xampp\\htdocs\\sianu-ci\\app\\Views\\barang_view.php', 30)
 2 SYSTEMPATH\View\View.php(234): include('C:\\xampp\\htdocs\\sianu-ci\\app\\Views\\barang_view.php')
 3 SYSTEMPATH\View\View.php(237): CodeIgniter\View\View->CodeIgniter\View\{closure}()
 4 SYSTEMPATH\Common.php(1171): CodeIgniter\View\View->render('barang_view', [], true)
 5 APPPATH\Controllers\Barang.php(14): view('barang_view', [...])
 6 SYSTEMPATH\CodeIgniter.php(933): App\Controllers\Barang->index()
 7 SYSTEMPATH\CodeIgniter.php(509): CodeIgniter\CodeIgniter->runController(Object(App\Controllers\Barang))
 8 SYSTEMPATH\CodeIgniter.php(355): CodeIgniter\CodeIgniter->handleRequest(null, Object(Config\Cache), false)
 9 SYSTEMPATH\Boot.php(312): CodeIgniter\CodeIgniter->run()
10 SYSTEMPATH\Boot.php(67): CodeIgniter\Boot::runCodeIgniter(Object(CodeIgniter\CodeIgniter))
11 FCPATH\index.php(56): CodeIgniter\Boot::bootWeb(Object(Config\Paths))
12 SYSTEMPATH\Commands\Server\rewrite.php(49): require_once('C:\\xampp\\htdocs\\sianu-ci\\public\\index.php')
CRITICAL - 2024-05-16 04:56:12 --> ErrorException: Undefined array key "id_barang"
[Method: GET, Route: barang]
in APPPATH\Views\barang_view.php on line 30.
 1 APPPATH\Views\barang_view.php(30): CodeIgniter\Debug\Exceptions->errorHandler(2, 'Undefined array key "id_barang"', 'C:\\xampp\\htdocs\\sianu-ci\\app\\Views\\barang_view.php', 30)
 2 SYSTEMPATH\View\View.php(234): include('C:\\xampp\\htdocs\\sianu-ci\\app\\Views\\barang_view.php')
 3 SYSTEMPATH\View\View.php(237): CodeIgniter\View\View->CodeIgniter\View\{closure}()
 4 SYSTEMPATH\Common.php(1171): CodeIgniter\View\View->render('barang_view', [], true)
 5 APPPATH\Controllers\Barang.php(14): view('barang_view', [...])
 6 SYSTEMPATH\CodeIgniter.php(933): App\Controllers\Barang->index()
 7 SYSTEMPATH\CodeIgniter.php(509): CodeIgniter\CodeIgniter->runController(Object(App\Controllers\Barang))
 8 SYSTEMPATH\CodeIgniter.php(355): CodeIgniter\CodeIgniter->handleRequest(null, Object(Config\Cache), false)
 9 SYSTEMPATH\Boot.php(312): CodeIgniter\CodeIgniter->run()
10 SYSTEMPATH\Boot.php(67): CodeIgniter\Boot::runCodeIgniter(Object(CodeIgniter\CodeIgniter))
11 FCPATH\index.php(56): CodeIgniter\Boot::bootWeb(Object(Config\Paths))
12 SYSTEMPATH\Commands\Server\rewrite.php(49): require_once('C:\\xampp\\htdocs\\sianu-ci\\public\\index.php')
CRITICAL - 2024-05-16 04:56:13 --> ErrorException: Undefined array key "id_barang"
[Method: GET, Route: barang]
in APPPATH\Views\barang_view.php on line 30.
 1 APPPATH\Views\barang_view.php(30): CodeIgniter\Debug\Exceptions->errorHandler(2, 'Undefined array key "id_barang"', 'C:\\xampp\\htdocs\\sianu-ci\\app\\Views\\barang_view.php', 30)
 2 SYSTEMPATH\View\View.php(234): include('C:\\xampp\\htdocs\\sianu-ci\\app\\Views\\barang_view.php')
 3 SYSTEMPATH\View\View.php(237): CodeIgniter\View\View->CodeIgniter\View\{closure}()
 4 SYSTEMPATH\Common.php(1171): CodeIgniter\View\View->render('barang_view', [], true)
 5 APPPATH\Controllers\Barang.php(14): view('barang_view', [...])
 6 SYSTEMPATH\CodeIgniter.php(933): App\Controllers\Barang->index()
 7 SYSTEMPATH\CodeIgniter.php(509): CodeIgniter\CodeIgniter->runController(Object(App\Controllers\Barang))
 8 SYSTEMPATH\CodeIgniter.php(355): CodeIgniter\CodeIgniter->handleRequest(null, Object(Config\Cache), false)
 9 SYSTEMPATH\Boot.php(312): CodeIgniter\CodeIgniter->run()
10 SYSTEMPATH\Boot.php(67): CodeIgniter\Boot::runCodeIgniter(Object(CodeIgniter\CodeIgniter))
11 FCPATH\index.php(56): CodeIgniter\Boot::bootWeb(Object(Config\Paths))
12 SYSTEMPATH\Commands\Server\rewrite.php(49): require_once('C:\\xampp\\htdocs\\sianu-ci\\public\\index.php')
CRITICAL - 2024-05-16 04:56:14 --> ErrorException: Undefined array key "id_barang"
[Method: GET, Route: barang]
in APPPATH\Views\barang_view.php on line 30.
 1 APPPATH\Views\barang_view.php(30): CodeIgniter\Debug\Exceptions->errorHandler(2, 'Undefined array key "id_barang"', 'C:\\xampp\\htdocs\\sianu-ci\\app\\Views\\barang_view.php', 30)
 2 SYSTEMPATH\View\View.php(234): include('C:\\xampp\\htdocs\\sianu-ci\\app\\Views\\barang_view.php')
 3 SYSTEMPATH\View\View.php(237): CodeIgniter\View\View->CodeIgniter\View\{closure}()
 4 SYSTEMPATH\Common.php(1171): CodeIgniter\View\View->render('barang_view', [], true)
 5 APPPATH\Controllers\Barang.php(14): view('barang_view', [...])
 6 SYSTEMPATH\CodeIgniter.php(933): App\Controllers\Barang->index()
 7 SYSTEMPATH\CodeIgniter.php(509): CodeIgniter\CodeIgniter->runController(Object(App\Controllers\Barang))
 8 SYSTEMPATH\CodeIgniter.php(355): CodeIgniter\CodeIgniter->handleRequest(null, Object(Config\Cache), false)
 9 SYSTEMPATH\Boot.php(312): CodeIgniter\CodeIgniter->run()
10 SYSTEMPATH\Boot.php(67): CodeIgniter\Boot::runCodeIgniter(Object(CodeIgniter\CodeIgniter))
11 FCPATH\index.php(56): CodeIgniter\Boot::bootWeb(Object(Config\Paths))
12 SYSTEMPATH\Commands\Server\rewrite.php(49): require_once('C:\\xampp\\htdocs\\sianu-ci\\public\\index.php')
CRITICAL - 2024-05-16 04:56:14 --> ErrorException: Undefined array key "id_barang"
[Method: GET, Route: barang]
in APPPATH\Views\barang_view.php on line 30.
 1 APPPATH\Views\barang_view.php(30): CodeIgniter\Debug\Exceptions->errorHandler(2, 'Undefined array key "id_barang"', 'C:\\xampp\\htdocs\\sianu-ci\\app\\Views\\barang_view.php', 30)
 2 SYSTEMPATH\View\View.php(234): include('C:\\xampp\\htdocs\\sianu-ci\\app\\Views\\barang_view.php')
 3 SYSTEMPATH\View\View.php(237): CodeIgniter\View\View->CodeIgniter\View\{closure}()
 4 SYSTEMPATH\Common.php(1171): CodeIgniter\View\View->render('barang_view', [], true)
 5 APPPATH\Controllers\Barang.php(14): view('barang_view', [...])
 6 SYSTEMPATH\CodeIgniter.php(933): App\Controllers\Barang->index()
 7 SYSTEMPATH\CodeIgniter.php(509): CodeIgniter\CodeIgniter->runController(Object(App\Controllers\Barang))
 8 SYSTEMPATH\CodeIgniter.php(355): CodeIgniter\CodeIgniter->handleRequest(null, Object(Config\Cache), false)
 9 SYSTEMPATH\Boot.php(312): CodeIgniter\CodeIgniter->run()
10 SYSTEMPATH\Boot.php(67): CodeIgniter\Boot::runCodeIgniter(Object(CodeIgniter\CodeIgniter))
11 FCPATH\index.php(56): CodeIgniter\Boot::bootWeb(Object(Config\Paths))
12 SYSTEMPATH\Commands\Server\rewrite.php(49): require_once('C:\\xampp\\htdocs\\sianu-ci\\public\\index.php')
CRITICAL - 2024-05-16 04:56:15 --> ErrorException: Undefined array key "id_barang"
[Method: GET, Route: barang]
in APPPATH\Views\barang_view.php on line 30.
 1 APPPATH\Views\barang_view.php(30): CodeIgniter\Debug\Exceptions->errorHandler(2, 'Undefined array key "id_barang"', 'C:\\xampp\\htdocs\\sianu-ci\\app\\Views\\barang_view.php', 30)
 2 SYSTEMPATH\View\View.php(234): include('C:\\xampp\\htdocs\\sianu-ci\\app\\Views\\barang_view.php')
 3 SYSTEMPATH\View\View.php(237): CodeIgniter\View\View->CodeIgniter\View\{closure}()
 4 SYSTEMPATH\Common.php(1171): CodeIgniter\View\View->render('barang_view', [], true)
 5 APPPATH\Controllers\Barang.php(14): view('barang_view', [...])
 6 SYSTEMPATH\CodeIgniter.php(933): App\Controllers\Barang->index()
 7 SYSTEMPATH\CodeIgniter.php(509): CodeIgniter\CodeIgniter->runController(Object(App\Controllers\Barang))
 8 SYSTEMPATH\CodeIgniter.php(355): CodeIgniter\CodeIgniter->handleRequest(null, Object(Config\Cache), false)
 9 SYSTEMPATH\Boot.php(312): CodeIgniter\CodeIgniter->run()
10 SYSTEMPATH\Boot.php(67): CodeIgniter\Boot::runCodeIgniter(Object(CodeIgniter\CodeIgniter))
11 FCPATH\index.php(56): CodeIgniter\Boot::bootWeb(Object(Config\Paths))
12 SYSTEMPATH\Commands\Server\rewrite.php(49): require_once('C:\\xampp\\htdocs\\sianu-ci\\public\\index.php')
CRITICAL - 2024-05-16 04:56:16 --> ErrorException: Undefined array key "id_barang"
[Method: GET, Route: barang]
in APPPATH\Views\barang_view.php on line 30.
 1 APPPATH\Views\barang_view.php(30): CodeIgniter\Debug\Exceptions->errorHandler(2, 'Undefined array key "id_barang"', 'C:\\xampp\\htdocs\\sianu-ci\\app\\Views\\barang_view.php', 30)
 2 SYSTEMPATH\View\View.php(234): include('C:\\xampp\\htdocs\\sianu-ci\\app\\Views\\barang_view.php')
 3 SYSTEMPATH\View\View.php(237): CodeIgniter\View\View->CodeIgniter\View\{closure}()
 4 SYSTEMPATH\Common.php(1171): CodeIgniter\View\View->render('barang_view', [], true)
 5 APPPATH\Controllers\Barang.php(14): view('barang_view', [...])
 6 SYSTEMPATH\CodeIgniter.php(933): App\Controllers\Barang->index()
 7 SYSTEMPATH\CodeIgniter.php(509): CodeIgniter\CodeIgniter->runController(Object(App\Controllers\Barang))
 8 SYSTEMPATH\CodeIgniter.php(355): CodeIgniter\CodeIgniter->handleRequest(null, Object(Config\Cache), false)
 9 SYSTEMPATH\Boot.php(312): CodeIgniter\CodeIgniter->run()
10 SYSTEMPATH\Boot.php(67): CodeIgniter\Boot::runCodeIgniter(Object(CodeIgniter\CodeIgniter))
11 FCPATH\index.php(56): CodeIgniter\Boot::bootWeb(Object(Config\Paths))
12 SYSTEMPATH\Commands\Server\rewrite.php(49): require_once('C:\\xampp\\htdocs\\sianu-ci\\public\\index.php')
CRITICAL - 2024-05-16 04:56:17 --> ErrorException: Undefined array key "id_barang"
[Method: GET, Route: barang]
in APPPATH\Views\barang_view.php on line 30.
 1 APPPATH\Views\barang_view.php(30): CodeIgniter\Debug\Exceptions->errorHandler(2, 'Undefined array key "id_barang"', 'C:\\xampp\\htdocs\\sianu-ci\\app\\Views\\barang_view.php', 30)
 2 SYSTEMPATH\View\View.php(234): include('C:\\xampp\\htdocs\\sianu-ci\\app\\Views\\barang_view.php')
 3 SYSTEMPATH\View\View.php(237): CodeIgniter\View\View->CodeIgniter\View\{closure}()
 4 SYSTEMPATH\Common.php(1171): CodeIgniter\View\View->render('barang_view', [], true)
 5 APPPATH\Controllers\Barang.php(14): view('barang_view', [...])
 6 SYSTEMPATH\CodeIgniter.php(933): App\Controllers\Barang->index()
 7 SYSTEMPATH\CodeIgniter.php(509): CodeIgniter\CodeIgniter->runController(Object(App\Controllers\Barang))
 8 SYSTEMPATH\CodeIgniter.php(355): CodeIgniter\CodeIgniter->handleRequest(null, Object(Config\Cache), false)
 9 SYSTEMPATH\Boot.php(312): CodeIgniter\CodeIgniter->run()
10 SYSTEMPATH\Boot.php(67): CodeIgniter\Boot::runCodeIgniter(Object(CodeIgniter\CodeIgniter))
11 FCPATH\index.php(56): CodeIgniter\Boot::bootWeb(Object(Config\Paths))
12 SYSTEMPATH\Commands\Server\rewrite.php(49): require_once('C:\\xampp\\htdocs\\sianu-ci\\public\\index.php')
CRITICAL - 2024-05-16 04:56:18 --> ErrorException: Undefined array key "id_barang"
[Method: GET, Route: barang]
in APPPATH\Views\barang_view.php on line 30.
 1 APPPATH\Views\barang_view.php(30): CodeIgniter\Debug\Exceptions->errorHandler(2, 'Undefined array key "id_barang"', 'C:\\xampp\\htdocs\\sianu-ci\\app\\Views\\barang_view.php', 30)
 2 SYSTEMPATH\View\View.php(234): include('C:\\xampp\\htdocs\\sianu-ci\\app\\Views\\barang_view.php')
 3 SYSTEMPATH\View\View.php(237): CodeIgniter\View\View->CodeIgniter\View\{closure}()
 4 SYSTEMPATH\Common.php(1171): CodeIgniter\View\View->render('barang_view', [], true)
 5 APPPATH\Controllers\Barang.php(14): view('barang_view', [...])
 6 SYSTEMPATH\CodeIgniter.php(933): App\Controllers\Barang->index()
 7 SYSTEMPATH\CodeIgniter.php(509): CodeIgniter\CodeIgniter->runController(Object(App\Controllers\Barang))
 8 SYSTEMPATH\CodeIgniter.php(355): CodeIgniter\CodeIgniter->handleRequest(null, Object(Config\Cache), false)
 9 SYSTEMPATH\Boot.php(312): CodeIgniter\CodeIgniter->run()
10 SYSTEMPATH\Boot.php(67): CodeIgniter\Boot::runCodeIgniter(Object(CodeIgniter\CodeIgniter))
11 FCPATH\index.php(56): CodeIgniter\Boot::bootWeb(Object(Config\Paths))
12 SYSTEMPATH\Commands\Server\rewrite.php(49): require_once('C:\\xampp\\htdocs\\sianu-ci\\public\\index.php')
CRITICAL - 2024-05-16 04:57:28 --> ErrorException: Undefined array key "id_barang"
[Method: GET, Route: barang]
in APPPATH\Views\barang_view.php on line 30.
 1 APPPATH\Views\barang_view.php(30): CodeIgniter\Debug\Exceptions->errorHandler(2, 'Undefined array key "id_barang"', 'C:\\xampp\\htdocs\\sianu-ci\\app\\Views\\barang_view.php', 30)
 2 SYSTEMPATH\View\View.php(234): include('C:\\xampp\\htdocs\\sianu-ci\\app\\Views\\barang_view.php')
 3 SYSTEMPATH\View\View.php(237): CodeIgniter\View\View->CodeIgniter\View\{closure}()
 4 SYSTEMPATH\Common.php(1171): CodeIgniter\View\View->render('barang_view', [], true)
 5 APPPATH\Controllers\Barang.php(14): view('barang_view', [...])
 6 SYSTEMPATH\CodeIgniter.php(933): App\Controllers\Barang->index()
 7 SYSTEMPATH\CodeIgniter.php(509): CodeIgniter\CodeIgniter->runController(Object(App\Controllers\Barang))
 8 SYSTEMPATH\CodeIgniter.php(355): CodeIgniter\CodeIgniter->handleRequest(null, Object(Config\Cache), false)
 9 SYSTEMPATH\Boot.php(312): CodeIgniter\CodeIgniter->run()
10 SYSTEMPATH\Boot.php(67): CodeIgniter\Boot::runCodeIgniter(Object(CodeIgniter\CodeIgniter))
11 FCPATH\index.php(56): CodeIgniter\Boot::bootWeb(Object(Config\Paths))
12 SYSTEMPATH\Commands\Server\rewrite.php(49): require_once('C:\\xampp\\htdocs\\sianu-ci\\public\\index.php')
CRITICAL - 2024-05-16 04:57:31 --> ErrorException: Undefined array key "id_barang"
[Method: GET, Route: barang]
in APPPATH\Views\barang_view.php on line 30.
 1 APPPATH\Views\barang_view.php(30): CodeIgniter\Debug\Exceptions->errorHandler(2, 'Undefined array key "id_barang"', 'C:\\xampp\\htdocs\\sianu-ci\\app\\Views\\barang_view.php', 30)
 2 SYSTEMPATH\View\View.php(234): include('C:\\xampp\\htdocs\\sianu-ci\\app\\Views\\barang_view.php')
 3 SYSTEMPATH\View\View.php(237): CodeIgniter\View\View->CodeIgniter\View\{closure}()
 4 SYSTEMPATH\Common.php(1171): CodeIgniter\View\View->render('barang_view', [], true)
 5 APPPATH\Controllers\Barang.php(14): view('barang_view', [...])
 6 SYSTEMPATH\CodeIgniter.php(933): App\Controllers\Barang->index()
 7 SYSTEMPATH\CodeIgniter.php(509): CodeIgniter\CodeIgniter->runController(Object(App\Controllers\Barang))
 8 SYSTEMPATH\CodeIgniter.php(355): CodeIgniter\CodeIgniter->handleRequest(null, Object(Config\Cache), false)
 9 SYSTEMPATH\Boot.php(312): CodeIgniter\CodeIgniter->run()
10 SYSTEMPATH\Boot.php(67): CodeIgniter\Boot::runCodeIgniter(Object(CodeIgniter\CodeIgniter))
11 FCPATH\index.php(56): CodeIgniter\Boot::bootWeb(Object(Config\Paths))
12 SYSTEMPATH\Commands\Server\rewrite.php(49): require_once('C:\\xampp\\htdocs\\sianu-ci\\public\\index.php')
